{
  "RSpec": {
    "coverage": {
      "/Users/daifuye/Documents/Apps/EM4CC_Rails/lib/enumerable_constants.rb": [
        1,
        null,
        null,
        1,
        0,
        null,
        null,
        1,
        0,
        null,
        null,
        1,
        null,
        1,
        null,
        1,
        null,
        1,
        0,
        0,
        0,
        null,
        null,
        1,
        0,
        null,
        null,
        1,
        0,
        null,
        null,
        1,
        0,
        0,
        null,
        0,
        null,
        null,
        null,
        1,
        0,
        null,
        null,
        null,
        null,
        1,
        null,
        1,
        null,
        1,
        null,
        null,
        null,
        1,
        0,
        0,
        null,
        null,
        1,
        0,
        null,
        null,
        1,
        0,
        null,
        null,
        1,
        0,
        0,
        null,
        0,
        0,
        null,
        null,
        0,
        0,
        0,
        null,
        null,
        0,
        null,
        null,
        0,
        0,
        null,
        null,
        null,
        1,
        0,
        null,
        null,
        1,
        0,
        0,
        0,
        null,
        0,
        null,
        null,
        1,
        0,
        0,
        0,
        null,
        0,
        null,
        null,
        1,
        0,
        0,
        0,
        null,
        0,
        null,
        null,
        null,
        null,
        1,
        1,
        1,
        1,
        1,
        null,
        null,
        null,
        null,
        1,
        null,
        1,
        0,
        0,
        null,
        0,
        0,
        null,
        0,
        0,
        0,
        null,
        null,
        null,
        0,
        0,
        null,
        0,
        null,
        0,
        0,
        null,
        0,
        null,
        null,
        0,
        0,
        null,
        0,
        null,
        null,
        null,
        0,
        0,
        null,
        null,
        0,
        null,
        null,
        null,
        null,
        null,
        null,
        0,
        null,
        null,
        null,
        null,
        0,
        0,
        null,
        null,
        null,
        null,
        null,
        null,
        null,
        null
      ],
      "/Users/daifuye/Documents/Apps/EM4CC_Rails/lib/time_formats.rb": [
        1,
        1,
        2,
        null,
        null,
        1,
        0,
        null,
        null,
        1,
        0,
        null,
        null,
        1,
        2,
        null,
        null,
        1,
        0,
        null,
        null,
        null,
        1,
        1,
        0,
        null,
        null,
        1,
        0,
        null,
        null,
        1,
        5,
        null,
        null
      ],
      "/Users/daifuye/Documents/Apps/EM4CC_Rails/lib/fixnum_ext.rb": [
        1,
        1,
        0,
        0,
        0,
        null,
        0,
        null,
        null,
        1,
        0,
        0,
        0,
        null,
        null
      ],
      "/Users/daifuye/Documents/Apps/EM4CC_Rails/app/models/order.rb": [
        1,
        1,
        1,
        1,
        1,
        null,
        1,
        1,
        null,
        1,
        null,
        1,
        1,
        1,
        null,
        1,
        null,
        1,
        null,
        1,
        0,
        null,
        null,
        1,
        0,
        null,
        null,
        1,
        0,
        null,
        null,
        1,
        null,
        1,
        0,
        null,
        null,
        1,
        0,
        0,
        null,
        null,
        null,
        null
      ],
      "/Users/daifuye/Documents/Apps/EM4CC_Rails/app/models/order/states.rb": [
        1,
        null,
        1,
        1,
        1,
        null,
        1,
        null,
        null,
        1,
        1,
        null,
        null,
        1,
        1,
        null,
        null,
        null,
        null,
        1,
        null,
        null,
        1,
        null,
        null,
        1,
        null,
        null,
        1,
        null,
        null,
        null
      ],
      "/Users/daifuye/Documents/Apps/EM4CC_Rails/app/helpers/application_helper.rb": [
        1,
        null,
        null,
        1,
        131,
        131,
        10,
        null,
        121,
        null,
        null,
        null
      ],
      "/Users/daifuye/Documents/Apps/EM4CC_Rails/app/helpers/coupons_helper.rb": [
        1,
        null
      ],
      "/Users/daifuye/Documents/Apps/EM4CC_Rails/app/helpers/line_items_helper.rb": [
        1,
        null
      ],
      "/Users/daifuye/Documents/Apps/EM4CC_Rails/app/helpers/sessions_helper.rb": [
        1,
        null,
        1,
        42,
        42,
        null,
        null,
        1,
        440,
        null,
        null,
        1,
        42,
        null,
        null,
        1,
        0,
        null,
        null,
        1,
        35,
        null,
        null,
        1,
        59,
        5,
        5,
        null,
        null,
        null,
        1,
        2,
        2,
        null,
        null,
        1,
        33,
        33,
        null,
        null,
        1,
        5,
        null,
        null
      ],
      "/Users/daifuye/Documents/Apps/EM4CC_Rails/app/helpers/static_pages_helper.rb": [
        1,
        null
      ],
      "/Users/daifuye/Documents/Apps/EM4CC_Rails/app/helpers/users_helper.rb": [
        1,
        null,
        null,
        1,
        254,
        254,
        254,
        254,
        null,
        null
      ],
      "/Users/daifuye/Documents/Apps/EM4CC_Rails/app/controllers/coupons_controller.rb": [
        null,
        1,
        1,
        1,
        null,
        null,
        null,
        1,
        1,
        null,
        1,
        1,
        1,
        null,
        null,
        null,
        null,
        null,
        1,
        1,
        null,
        1,
        1,
        1,
        null,
        null,
        null,
        1,
        0,
        null,
        null,
        null,
        null,
        1,
        1,
        null,
        1,
        1,
        1,
        null,
        null,
        null,
        null,
        1,
        1,
        null,
        null,
        null,
        null,
        1,
        5,
        null,
        5,
        5,
        3,
        3,
        null,
        null,
        null,
        4,
        null,
        null,
        null,
        null,
        null,
        null,
        1,
        3,
        null,
        3,
        3,
        2,
        2,
        null,
        null,
        null,
        2,
        null,
        null,
        null,
        null,
        null,
        null,
        1,
        2,
        2,
        null,
        2,
        4,
        2,
        null,
        null,
        null,
        1,
        null,
        1,
        5,
        null,
        null,
        1,
        5,
        null,
        null,
        null,
        null,
        1,
        3,
        null,
        null,
        1,
        5,
        null,
        null
      ],
      "/Users/daifuye/Documents/Apps/EM4CC_Rails/app/controllers/application_controller.rb": [
        null,
        1,
        1,
        1,
        1,
        null,
        1,
        null,
        1,
        1,
        null,
        null,
        1,
        0,
        0,
        null,
        null,
        1,
        228,
        228,
        null,
        null,
        1,
        228,
        null,
        null,
        1,
        228,
        null,
        null,
        1,
        null,
        228,
        null,
        null,
        1,
        228,
        null,
        null,
        1,
        818,
        null,
        null,
        1,
        0,
        null,
        null,
        1,
        0,
        0,
        null,
        null,
        null,
        null
      ],
      "/Users/daifuye/Documents/Apps/EM4CC_Rails/app/controllers/line_items_controller.rb": [
        null,
        1,
        null,
        null,
        1,
        2,
        null,
        2,
        2,
        2,
        null,
        null,
        null,
        null,
        null,
        1,
        1,
        null,
        1,
        1,
        1,
        null,
        null,
        null,
        null,
        null,
        1,
        1,
        null,
        1,
        1,
        1,
        null,
        null,
        null,
        null,
        1,
        1,
        null,
        null,
        null,
        null,
        1,
        5,
        null,
        5,
        5,
        3,
        3,
        null,
        null,
        null,
        4,
        null,
        null,
        null,
        null,
        null,
        null,
        1,
        3,
        null,
        3,
        3,
        2,
        2,
        null,
        null,
        null,
        2,
        null,
        null,
        null,
        null,
        null,
        null,
        1,
        2,
        2,
        null,
        2,
        4,
        2,
        null,
        null,
        null,
        1,
        null,
        1,
        8,
        null,
        null
      ],
      "/Users/daifuye/Documents/Apps/EM4CC_Rails/app/controllers/orders_controller.rb": [
        null,
        1,
        1,
        1,
        null,
        1,
        null,
        null,
        null,
        1,
        0,
        0,
        0,
        0,
        null,
        0,
        0,
        null,
        null,
        null,
        1,
        null,
        null,
        1,
        0,
        0,
        0,
        null,
        0,
        0,
        null,
        null,
        1,
        null,
        1,
        0,
        null,
        null,
        1,
        0,
        null,
        null,
        1,
        0,
        null,
        null,
        null
      ],
      "/Users/daifuye/Documents/Apps/EM4CC_Rails/app/models/subclasses/payments/paypal_payment.rb": [
        1,
        1,
        1,
        null,
        1,
        0,
        null,
        null,
        null,
        null,
        null,
        null,
        0,
        0,
        null,
        0,
        null,
        null,
        1,
        0,
        0,
        null,
        null,
        1,
        null,
        null,
        1,
        null,
        null,
        1,
        null,
        1,
        0,
        null,
        null,
        null,
        null,
        null,
        null,
        null,
        null,
        null,
        null,
        null,
        null,
        null,
        null,
        null,
        1,
        0,
        null,
        null,
        1,
        0,
        null,
        null,
        null,
        null,
        null,
        0,
        null,
        null,
        1,
        0,
        0,
        0,
        0,
        null,
        null
      ],
      "/Users/daifuye/Documents/Apps/EM4CC_Rails/app/models/payment.rb": [
        1,
        1,
        null,
        1,
        1,
        null,
        1,
        null,
        1,
        0,
        null,
        null
      ],
      "/Users/daifuye/Documents/Apps/EM4CC_Rails/app/models/user.rb": [
        1,
        1,
        null,
        1,
        1,
        1,
        null,
        105,
        1,
        null,
        1,
        1,
        1,
        null,
        1,
        null,
        1,
        123,
        null,
        1,
        null,
        1,
        0,
        0,
        0,
        0,
        null,
        null,
        1,
        null,
        1,
        104,
        null,
        null,
        1,
        366,
        null,
        null
      ],
      "/Users/daifuye/Documents/Apps/EM4CC_Rails/app/models/coupon.rb": [
        1,
        1,
        null,
        1,
        1,
        1,
        null,
        1,
        null,
        1,
        null,
        1,
        0,
        null,
        null,
        1,
        0,
        null,
        null,
        1,
        3,
        null,
        null,
        1,
        null,
        1,
        31,
        null,
        null
      ],
      "/Users/daifuye/Documents/Apps/EM4CC_Rails/app/controllers/static_pages_controller.rb": [
        null,
        1,
        null,
        1,
        null,
        null,
        1,
        null,
        null,
        1,
        null,
        null,
        1,
        null,
        null,
        1,
        null,
        null,
        1,
        null,
        null,
        1,
        null,
        null,
        1,
        null,
        null,
        null
      ],
      "/Users/daifuye/Documents/Apps/EM4CC_Rails/app/models/line_item.rb": [
        1,
        null,
        1,
        null,
        1,
        null,
        1,
        2,
        null,
        null,
        1,
        0,
        0,
        null,
        null,
        1,
        0,
        null,
        null
      ],
      "/Users/daifuye/Documents/Apps/EM4CC_Rails/app/models/event.rb": [
        1,
        1,
        null,
        null,
        null,
        null,
        1,
        1,
        1,
        1,
        null,
        1,
        1,
        1,
        null,
        null
      ],
      "/Users/daifuye/Documents/Apps/EM4CC_Rails/app/controllers/users_controller.rb": [
        null,
        1,
        1,
        null,
        1,
        1,
        1,
        null,
        1,
        13,
        null,
        null,
        1,
        40,
        null,
        null,
        1,
        9,
        null,
        null,
        1,
        7,
        7,
        4,
        4,
        4,
        null,
        3,
        null,
        null,
        null,
        1,
        null,
        null,
        1,
        5,
        5,
        5,
        5,
        null,
        0,
        null,
        null,
        null,
        1,
        0,
        0,
        0,
        null,
        null,
        1,
        null,
        1,
        27,
        27,
        null,
        null,
        1,
        1,
        null,
        null,
        1,
        12,
        null,
        null
      ],
      "/Users/daifuye/Documents/Apps/EM4CC_Rails/app/controllers/sessions_controller.rb": [
        null,
        1,
        null,
        1,
        null,
        null,
        1,
        36,
        36,
        33,
        33,
        null,
        3,
        3,
        null,
        null,
        null,
        1,
        2,
        2,
        null,
        null
      ],
      "/Users/daifuye/Documents/Apps/EM4CC_Rails/app/models/dollar_off_coupon.rb": [
        1,
        1,
        null,
        1,
        null,
        1,
        4,
        null,
        null,
        1,
        0,
        null,
        null,
        1,
        2,
        null,
        null,
        1,
        0,
        0,
        null,
        0,
        null,
        null,
        null,
        null
      ]
    },
    "timestamp": 1399882067
  }
}
