{
  "RSpec": {
    "coverage": {
      "/Users/daifuye/Documents/Apps/EM4CC_Rails/app/helpers/application_helper.rb": [
        0,
        null,
        null,
        0,
        0,
        0,
        0,
        null,
        0,
        null,
        null,
        null
      ],
      "/Users/daifuye/Documents/Apps/EM4CC_Rails/app/helpers/coupons_helper.rb": [
        0,
        null
      ],
      "/Users/daifuye/Documents/Apps/EM4CC_Rails/app/helpers/line_items_helper.rb": [
        0,
        null
      ],
      "/Users/daifuye/Documents/Apps/EM4CC_Rails/app/helpers/sessions_helper.rb": [
        0,
        null,
        0,
        0,
        0,
        null,
        null,
        0,
        0,
        null,
        null,
        0,
        0,
        null,
        null,
        0,
        0,
        null,
        null,
        0,
        0,
        null,
        null,
        0,
        0,
        0,
        0,
        null,
        null,
        null,
        0,
        0,
        0,
        null,
        null,
        0,
        0,
        0,
        null,
        null,
        0,
        0,
        null,
        null
      ],
      "/Users/daifuye/Documents/Apps/EM4CC_Rails/app/helpers/static_pages_helper.rb": [
        0,
        null
      ],
      "/Users/daifuye/Documents/Apps/EM4CC_Rails/app/helpers/users_helper.rb": [
        0,
        null,
        null,
        0,
        0,
        0,
        0,
        0,
        null,
        null
      ]
    },
    "timestamp": 1399965775
  }
}
